0 info it worked if it ends with ok
1 verbose cli [ '/usr/bin/nodejs', '/usr/bin/npm', 'bugs', 'counter-app' ]
2 info using npm@3.5.2
3 info using node@v4.2.6
4 silly fetchPackageMetaData counter-app
5 silly fetchNamedPackageData counter-app
6 silly mapToRegistry name counter-app
7 silly mapToRegistry using default registry
8 silly mapToRegistry registry https://registry.npmjs.org/
9 silly mapToRegistry uri https://registry.npmjs.org/counter-app
10 verbose request uri https://registry.npmjs.org/counter-app
11 verbose request no auth needed
12 info attempt registry request try #1 at 4:12:34 PM
13 verbose request id 0e31a33c8d744491
14 http request GET https://registry.npmjs.org/counter-app
15 http 404 https://registry.npmjs.org/counter-app
16 verbose headers { date: 'Sun, 04 Oct 2020 10:42:36 GMT',
16 verbose headers   'content-type': 'application/json',
16 verbose headers   'content-length': '21',
16 verbose headers   connection: 'keep-alive',
16 verbose headers   'set-cookie': [ '__cfduid=d8da520df481384833aca480f1215c2721601808155; expires=Tue, 03-Nov-20 10:42:35 GMT; path=/; domain=.npmjs.org; HttpOnly; SameSite=Lax' ],
16 verbose headers   'cf-ray': '5dce4c0b1879dca9-MAA',
16 verbose headers   vary: 'Accept-Encoding',
16 verbose headers   'cf-cache-status': 'EXPIRED',
16 verbose headers   'cf-request-id': '0594cddaf30000dca901865200000001',
16 verbose headers   'expect-ct': 'max-age=604800, report-uri="https://report-uri.cloudflare.com/cdn-cgi/beacon/expect-ct"',
16 verbose headers   server: 'cloudflare' }
17 silly get cb [ 404,
17 silly get   { date: 'Sun, 04 Oct 2020 10:42:36 GMT',
17 silly get     'content-type': 'application/json',
17 silly get     'content-length': '21',
17 silly get     connection: 'keep-alive',
17 silly get     'set-cookie': [ '__cfduid=d8da520df481384833aca480f1215c2721601808155; expires=Tue, 03-Nov-20 10:42:35 GMT; path=/; domain=.npmjs.org; HttpOnly; SameSite=Lax' ],
17 silly get     'cf-ray': '5dce4c0b1879dca9-MAA',
17 silly get     vary: 'Accept-Encoding',
17 silly get     'cf-cache-status': 'EXPIRED',
17 silly get     'cf-request-id': '0594cddaf30000dca901865200000001',
17 silly get     'expect-ct': 'max-age=604800, report-uri="https://report-uri.cloudflare.com/cdn-cgi/beacon/expect-ct"',
17 silly get     server: 'cloudflare' } ]
18 silly fetchPackageMetaData Error: Not found : counter-app
18 silly fetchPackageMetaData     at makeError (/usr/share/npm/node_modules/npm-registry-client/lib/request.js:264:12)
18 silly fetchPackageMetaData     at CachingRegistryClient.<anonymous> (/usr/share/npm/node_modules/npm-registry-client/lib/request.js:252:14)
18 silly fetchPackageMetaData     at Request._callback (/usr/share/npm/node_modules/npm-registry-client/lib/request.js:172:14)
18 silly fetchPackageMetaData     at Request.self.callback (/usr/share/npm/node_modules/request/request.js:198:22)
18 silly fetchPackageMetaData     at emitTwo (events.js:87:13)
18 silly fetchPackageMetaData     at Request.emit (events.js:172:7)
18 silly fetchPackageMetaData     at Request.<anonymous> (/usr/share/npm/node_modules/request/request.js:1082:10)
18 silly fetchPackageMetaData     at emitOne (events.js:82:20)
18 silly fetchPackageMetaData     at Request.emit (events.js:169:7)
18 silly fetchPackageMetaData     at IncomingMessage.<anonymous> (/usr/share/npm/node_modules/request/request.js:1009:12)
18 silly fetchPackageMetaData  error for counter-app { [Error: Not found : counter-app] pkgid: 'counter-app', statusCode: 404, code: 'E404' }
19 verbose stack Error: Not found : counter-app
19 verbose stack     at makeError (/usr/share/npm/node_modules/npm-registry-client/lib/request.js:264:12)
19 verbose stack     at CachingRegistryClient.<anonymous> (/usr/share/npm/node_modules/npm-registry-client/lib/request.js:252:14)
19 verbose stack     at Request._callback (/usr/share/npm/node_modules/npm-registry-client/lib/request.js:172:14)
19 verbose stack     at Request.self.callback (/usr/share/npm/node_modules/request/request.js:198:22)
19 verbose stack     at emitTwo (events.js:87:13)
19 verbose stack     at Request.emit (events.js:172:7)
19 verbose stack     at Request.<anonymous> (/usr/share/npm/node_modules/request/request.js:1082:10)
19 verbose stack     at emitOne (events.js:82:20)
19 verbose stack     at Request.emit (events.js:169:7)
19 verbose stack     at IncomingMessage.<anonymous> (/usr/share/npm/node_modules/request/request.js:1009:12)
20 verbose statusCode 404
21 verbose pkgid counter-app
22 verbose cwd /home/gamut/newapp/reactapprepo
23 error Linux 4.4.0-119-generic
24 error argv "/usr/bin/nodejs" "/usr/bin/npm" "bugs" "counter-app"
25 error node v4.2.6
26 error npm  v3.5.2
27 error code E404
28 error 404 Not found : counter-app
29 error 404
30 error 404 'counter-app' is not in the npm registry.
31 error 404 You should bug the author to publish it (or use the name yourself!)
32 error 404 Note that you can also install from a
33 error 404 tarball, folder, http url, or git url.
34 verbose exit [ 1, true ]
